d:\workspace\vs2019\hellowinrt\debug\02hellowinrtapp\_02hellowinrtapp.winmd
d:\workspace\vs2019\hellowinrt\debug\02hellowinrtapp\02hellowinrtapp.lib
d:\workspace\vs2019\hellowinrt\debug\02hellowinrtapp\02hellowinrtapp.exp
d:\workspace\vs2019\hellowinrt\02hellowinrtapp\debug\02hellowinrtapp.vcxprojassemblyreference.cache
d:\workspace\vs2019\hellowinrt\02hellowinrtapp\debug\02hellowinrtapp.vcxproj.mdmergeinputs.cache
d:\workspace\vs2019\hellowinrt\02hellowinrtapp\generated files\app.xaml.g.h
d:\workspace\vs2019\hellowinrt\02hellowinrtapp\generated files\mainpage.xaml.g.h
d:\workspace\vs2019\hellowinrt\02hellowinrtapp\generated files\xamllibmetadataprovider.g.cpp
d:\workspace\vs2019\hellowinrt\02hellowinrtapp\generated files\xamltypeinfo.impl.g.cpp
d:\workspace\vs2019\hellowinrt\02hellowinrtapp\generated files\app.xaml
d:\workspace\vs2019\hellowinrt\02hellowinrtapp\generated files\mainpage.xaml
d:\workspace\vs2019\hellowinrt\02hellowinrtapp\generated files\app.xbf
d:\workspace\vs2019\hellowinrt\02hellowinrtapp\generated files\mainpage.xbf
d:\workspace\vs2019\hellowinrt\02hellowinrtapp\debug\xamlsavestatefile.xml
d:\workspace\vs2019\hellowinrt\02hellowinrtapp\debug\02hellowinrtapp.vcxproj.cppwinrt_plat.cache
d:\workspace\vs2019\hellowinrt\02hellowinrtapp\debug\02hellowinrtapp.vcxproj.cppwinrt_comp.cache
d:\workspace\vs2019\hellowinrt\02hellowinrtapp\generated files\xamltypeinfo.g.cpp
d:\workspace\vs2019\hellowinrt\debug\02hellowinrtapp\assets\lockscreenlogo.scale-200.png
d:\workspace\vs2019\hellowinrt\debug\02hellowinrtapp\assets\splashscreen.scale-200.png
d:\workspace\vs2019\hellowinrt\debug\02hellowinrtapp\assets\square150x150logo.scale-200.png
d:\workspace\vs2019\hellowinrt\debug\02hellowinrtapp\assets\square44x44logo.scale-200.png
d:\workspace\vs2019\hellowinrt\debug\02hellowinrtapp\assets\square44x44logo.targetsize-24_altform-unplated.png
d:\workspace\vs2019\hellowinrt\debug\02hellowinrtapp\assets\storelogo.png
d:\workspace\vs2019\hellowinrt\debug\02hellowinrtapp\assets\wide310x150logo.scale-200.png
d:\workspace\vs2019\hellowinrt\debug\02hellowinrtapp\app.xbf
d:\workspace\vs2019\hellowinrt\debug\02hellowinrtapp\mainpage.xbf
d:\workspace\vs2019\hellowinrt\02hellowinrtapp\debug\resourcehandlingtask.state
d:\workspace\vs2019\hellowinrt\02hellowinrtapp\debug\02hellowinrtapp.vcxproj.generateresource.cache
d:\workspace\vs2019\hellowinrt\02hellowinrtapp\debug\priconfig.xml
d:\workspace\vs2019\hellowinrt\02hellowinrtapp\debug\priconfig.xml.intermediate
d:\workspace\vs2019\hellowinrt\02hellowinrtapp\debug\unfiltered.layout.resfiles
d:\workspace\vs2019\hellowinrt\02hellowinrtapp\debug\unfiltered.layout.resfiles.intermediate
d:\workspace\vs2019\hellowinrt\02hellowinrtapp\debug\filtered.layout.resfiles
d:\workspace\vs2019\hellowinrt\02hellowinrtapp\debug\filtered.layout.resfiles.intermediate
d:\workspace\vs2019\hellowinrt\02hellowinrtapp\debug\excluded.layout.resfiles
d:\workspace\vs2019\hellowinrt\02hellowinrtapp\debug\excluded.layout.resfiles.intermediate
d:\workspace\vs2019\hellowinrt\02hellowinrtapp\debug\resources.resfiles
d:\workspace\vs2019\hellowinrt\02hellowinrtapp\debug\resources.resfiles.intermediate
d:\workspace\vs2019\hellowinrt\02hellowinrtapp\debug\pri.resfiles
d:\workspace\vs2019\hellowinrt\02hellowinrtapp\debug\pri.resfiles.intermediate
d:\workspace\vs2019\hellowinrt\debug\02hellowinrtapp\resources.pri
d:\workspace\vs2019\hellowinrt\02hellowinrtapp\debug\qualifiers.txt
d:\workspace\vs2019\hellowinrt\02hellowinrtapp\debug\qualifiers.txt.intermediate
d:\workspace\vs2019\hellowinrt\02hellowinrtapp\debug\multiplequalifiersperdimensionfound.txt
d:\workspace\vs2019\hellowinrt\02hellowinrtapp\debug\projectarchitectures.txt
d:\workspace\vs2019\hellowinrt\debug\02hellowinrtapp\appxmanifest.xml
d:\workspace\vs2019\hellowinrt\debug\02hellowinrtapp\02hellowinrtapp.build.appxrecipe
d:\workspace\vs2019\hellowinrt\02hellowinrtapp\debug\pch.pch
d:\workspace\vs2019\hellowinrt\02hellowinrtapp\debug\vc142.pdb
d:\workspace\vs2019\hellowinrt\02hellowinrtapp\debug\vc142.idb
d:\workspace\vs2019\hellowinrt\02hellowinrtapp\debug\pch.obj
d:\workspace\vs2019\hellowinrt\02hellowinrtapp\debug\app.obj
d:\workspace\vs2019\hellowinrt\02hellowinrtapp\debug\module.g.obj
d:\workspace\vs2019\hellowinrt\02hellowinrtapp\debug\mainpage.obj
d:\workspace\vs2019\hellowinrt\02hellowinrtapp\debug\xamltypeinfo.impl.g.obj
d:\workspace\vs2019\hellowinrt\02hellowinrtapp\debug\xamltypeinfo.g.obj
d:\workspace\vs2019\hellowinrt\02hellowinrtapp\debug\xamlmetadataprovider.obj
d:\workspace\vs2019\hellowinrt\02hellowinrtapp\debug\02hellowinrtapp.tlog\_02hellowinrtapp.winmd.lastbuild
d:\workspace\vs2019\hellowinrt\02hellowinrtapp\debug\unmerged\app.winmd
d:\workspace\vs2019\hellowinrt\02hellowinrtapp\debug\unmerged\mainpage.winmd
d:\workspace\vs2019\hellowinrt\02hellowinrtapp\debug\unmerged\xamlmetadataprovider.winmd
d:\workspace\vs2019\hellowinrt\02hellowinrtapp\debug\02hellowinrtapp.vcxproj.cppwinrt_comp.rsp
d:\workspace\vs2019\hellowinrt\02hellowinrtapp\debug\02hellowinrtapp.vcxproj.cppwinrt_plat.rsp
d:\workspace\vs2019\hellowinrt\02hellowinrtapp\debug\02hellowinrtapp.vcxproj.mdmerge.rsp
d:\workspace\vs2019\hellowinrt\02hellowinrtapp\debug\02hellowinrtapp.vcxproj.midlrt.rsp
d:\workspace\vs2019\hellowinrt\debug\02hellowinrtapp\02hellowinrtapp.pdb
d:\workspace\vs2019\hellowinrt\02hellowinrtapp\debug\02hellowinrtapp.tlog\02hellowinrtapp.read.1u.tlog
d:\workspace\vs2019\hellowinrt\02hellowinrtapp\debug\02hellowinrtapp.tlog\02hellowinrtapp.write.1u.tlog
d:\workspace\vs2019\hellowinrt\02hellowinrtapp\debug\02hellowinrtapp.tlog\cl.command.1.tlog
d:\workspace\vs2019\hellowinrt\02hellowinrtapp\debug\02hellowinrtapp.tlog\cl.read.1.tlog
d:\workspace\vs2019\hellowinrt\02hellowinrtapp\debug\02hellowinrtapp.tlog\cl.write.1.tlog
d:\workspace\vs2019\hellowinrt\02hellowinrtapp\debug\02hellowinrtapp.tlog\link.command.1.tlog
d:\workspace\vs2019\hellowinrt\02hellowinrtapp\debug\02hellowinrtapp.tlog\link.read.1.tlog
d:\workspace\vs2019\hellowinrt\02hellowinrtapp\debug\02hellowinrtapp.tlog\link.write.1.tlog
d:\workspace\vs2019\hellowinrt\02hellowinrtapp\debug\02hellowinrtapp.tlog\midl-midlrt.write.1.tlog
d:\workspace\vs2019\hellowinrt\02hellowinrtapp\debug\02hellowinrtapp.tlog\midl.command.1.tlog
d:\workspace\vs2019\hellowinrt\02hellowinrtapp\debug\02hellowinrtapp.tlog\midl.read.1.tlog
d:\workspace\vs2019\hellowinrt\02hellowinrtapp\debug\02hellowinrtapp.tlog\xaml.read.1u.tlog
d:\workspace\vs2019\hellowinrt\02hellowinrtapp\generated files\mainpage.g.h
d:\workspace\vs2019\hellowinrt\02hellowinrtapp\generated files\xamlbindinginfo.xaml.g.h
d:\workspace\vs2019\hellowinrt\02hellowinrtapp\generated files\xamlmetadataprovider.g.h
d:\workspace\vs2019\hellowinrt\02hellowinrtapp\generated files\xamltypeinfo.xaml.g.h
d:\workspace\vs2019\hellowinrt\02hellowinrtapp\generated files\mainpage.g.cpp
d:\workspace\vs2019\hellowinrt\02hellowinrtapp\generated files\module.g.cpp
d:\workspace\vs2019\hellowinrt\02hellowinrtapp\generated files\xamlmetadataprovider.g.cpp
